<?xml version="1.0" encoding="UTF-8"?>
<!-- Generated by org.testng.reporters.JUnitReportReporter -->
<testsuite hostname="Alex-PC" failures="0" tests="3" name="Test53" time="0.003" errors="0" timestamp="08 дек. 2019 08:07:31 GMT" skipped="0">
  <testcase classname="Test53" name="Test31" time="0.001"/>
  <testcase classname="Test53" name="Test31" time="0.001"/>
  <testcase classname="Test53" name="Test31" time="0.001"/>
</testsuite> <!-- Test53 -->
