<?xml version="1.0" encoding="UTF-8"?>
<!-- Generated by org.testng.reporters.JUnitReportReporter -->
<testsuite hostname="Alex-PC" failures="0" tests="1" name="Test4" time="10.721" errors="0" timestamp="08 дек. 2019 08:07:31 GMT" skipped="0">
  <testcase classname="Test4" name="Test1" time="10.721"/>
</testsuite> <!-- Test4 -->
