<?xml version="1.0" encoding="UTF-8"?>
<!-- Generated by org.testng.reporters.JUnitReportReporter -->
<testsuite hostname="Alex-PC" failures="0" tests="2" name="Test51" time="0.040" errors="0" timestamp="08 дек. 2019 08:07:31 GMT" skipped="0">
  <testcase classname="Test51" name="Test31" time="0.038"/>
  <testcase classname="Test51" name="Test32" time="0.002"/>
</testsuite> <!-- Test51 -->
